have_func: checking for onig_region_memsize() in ruby.h... -------------------- yes

DYLD_FALLBACK_LIBRARY_PATH=.:/Users/tfrutos/.rubies/ruby-3.1.3/lib "clang -o conftest -I/Users/tfrutos/.rubies/ruby-3.1.3/include/ruby-3.1.0/x86_64-darwin23 -I/Users/tfrutos/.rubies/ruby-3.1.3/include/ruby-3.1.0/ruby/backward -I/Users/tfrutos/.rubies/ruby-3.1.3/include/ruby-3.1.0 -I. -I/usr/local/opt/readline/include -I/usr/local/opt/libyaml/include -I/usr/local/opt/gdbm/include -D_XOPEN_SOURCE -D_DARWIN_C_SOURCE -D_DARWIN_UNLIMITED_SELECT -D_REENTRANT   -fdeclspec -O3 -fno-fast-math -ggdb3 -Wall -Wextra -Wdeprecated-declarations -Wdivision-by-zero -Wimplicit-function-declaration -Wimplicit-int -Wmisleading-indentation -Wpointer-arith -Wshorten-64-to-32 -Wwrite-strings -Wold-style-definition -Wmissing-noreturn -Wno-cast-function-type -Wno-constant-logical-operand -Wno-long-long -Wno-missing-field-initializers -Wno-overlength-strings -Wno-parentheses-equality -Wno-self-assign -Wno-tautological-compare -Wno-unused-parameter -Wno-unused-value -Wunused-variable -Wextra-tokens -Wundef  -pipe conftest.c  -L. -L/Users/tfrutos/.rubies/ruby-3.1.3/lib -L/usr/local/opt/readline/lib -L/usr/local/opt/libyaml/lib -L/usr/local/opt/gdbm/lib -L. -fstack-protector-strong -L/usr/local/opt/readline/lib -L/usr/local/opt/libyaml/lib -L/usr/local/opt/gdbm/lib -L/opt/intel/oneapi/dal/2021.1.1/lib -L/opt/intel/oneapi/ipp/2021.1.1/lib -L/opt/intel/oneapi/mkl/latest/lib -L/opt/intel/oneapi/tbb/latest/lib -L/opt/intel/oneapi/ippcp/2021.1.1/lib -L/usr/local/lib     -lruby.3.1-static -framework CoreFoundation -lpthread -ldl -lobjc   "
checked program was:
/* begin */
1: #include "ruby.h"
2: 
3: int main(int argc, char **argv)
4: {
5:   return !!argv[argc];
6: }
/* end */

DYLD_FALLBACK_LIBRARY_PATH=.:/Users/tfrutos/.rubies/ruby-3.1.3/lib "clang -o conftest -I/Users/tfrutos/.rubies/ruby-3.1.3/include/ruby-3.1.0/x86_64-darwin23 -I/Users/tfrutos/.rubies/ruby-3.1.3/include/ruby-3.1.0/ruby/backward -I/Users/tfrutos/.rubies/ruby-3.1.3/include/ruby-3.1.0 -I. -I/usr/local/opt/readline/include -I/usr/local/opt/libyaml/include -I/usr/local/opt/gdbm/include -D_XOPEN_SOURCE -D_DARWIN_C_SOURCE -D_DARWIN_UNLIMITED_SELECT -D_REENTRANT   -fdeclspec -O3 -fno-fast-math -ggdb3 -Wall -Wextra -Wdeprecated-declarations -Wdivision-by-zero -Wimplicit-function-declaration -Wimplicit-int -Wmisleading-indentation -Wpointer-arith -Wshorten-64-to-32 -Wwrite-strings -Wold-style-definition -Wmissing-noreturn -Wno-cast-function-type -Wno-constant-logical-operand -Wno-long-long -Wno-missing-field-initializers -Wno-overlength-strings -Wno-parentheses-equality -Wno-self-assign -Wno-tautological-compare -Wno-unused-parameter -Wno-unused-value -Wunused-variable -Wextra-tokens -Wundef  -pipe conftest.c  -L. -L/Users/tfrutos/.rubies/ruby-3.1.3/lib -L/usr/local/opt/readline/lib -L/usr/local/opt/libyaml/lib -L/usr/local/opt/gdbm/lib -L. -fstack-protector-strong -L/usr/local/opt/readline/lib -L/usr/local/opt/libyaml/lib -L/usr/local/opt/gdbm/lib -L/opt/intel/oneapi/dal/2021.1.1/lib -L/opt/intel/oneapi/ipp/2021.1.1/lib -L/opt/intel/oneapi/mkl/latest/lib -L/opt/intel/oneapi/tbb/latest/lib -L/opt/intel/oneapi/ippcp/2021.1.1/lib -L/usr/local/lib     -lruby.3.1-static -framework CoreFoundation -lpthread -ldl -lobjc   "
conftest.c:16:57: error: use of undeclared identifier 'onig_region_memsize'
int t(void) { void ((*volatile p)()); p = (void ((*)()))onig_region_memsize; return !p; }
                                                        ^
1 error generated.
checked program was:
/* begin */
 1: #include "ruby.h"
 2: 
 3: #include <ruby.h>
 4: 
 5: /*top*/
 6: extern int t(void);
 7: int main(int argc, char **argv)
 8: {
 9:   if (argc > 1000000) {
10:     int (* volatile tp)(void)=(int (*)(void))&t;
11:     printf("%d", (*tp)());
12:   }
13: 
14:   return !!argv[argc];
15: }
16: int t(void) { void ((*volatile p)()); p = (void ((*)()))onig_region_memsize; return !p; }
/* end */

DYLD_FALLBACK_LIBRARY_PATH=.:/Users/tfrutos/.rubies/ruby-3.1.3/lib "clang -o conftest -I/Users/tfrutos/.rubies/ruby-3.1.3/include/ruby-3.1.0/x86_64-darwin23 -I/Users/tfrutos/.rubies/ruby-3.1.3/include/ruby-3.1.0/ruby/backward -I/Users/tfrutos/.rubies/ruby-3.1.3/include/ruby-3.1.0 -I. -I/usr/local/opt/readline/include -I/usr/local/opt/libyaml/include -I/usr/local/opt/gdbm/include -D_XOPEN_SOURCE -D_DARWIN_C_SOURCE -D_DARWIN_UNLIMITED_SELECT -D_REENTRANT   -fdeclspec -O3 -fno-fast-math -ggdb3 -Wall -Wextra -Wdeprecated-declarations -Wdivision-by-zero -Wimplicit-function-declaration -Wimplicit-int -Wmisleading-indentation -Wpointer-arith -Wshorten-64-to-32 -Wwrite-strings -Wold-style-definition -Wmissing-noreturn -Wno-cast-function-type -Wno-constant-logical-operand -Wno-long-long -Wno-missing-field-initializers -Wno-overlength-strings -Wno-parentheses-equality -Wno-self-assign -Wno-tautological-compare -Wno-unused-parameter -Wno-unused-value -Wunused-variable -Wextra-tokens -Wundef  -pipe conftest.c  -L. -L/Users/tfrutos/.rubies/ruby-3.1.3/lib -L/usr/local/opt/readline/lib -L/usr/local/opt/libyaml/lib -L/usr/local/opt/gdbm/lib -L. -fstack-protector-strong -L/usr/local/opt/readline/lib -L/usr/local/opt/libyaml/lib -L/usr/local/opt/gdbm/lib -L/opt/intel/oneapi/dal/2021.1.1/lib -L/opt/intel/oneapi/ipp/2021.1.1/lib -L/opt/intel/oneapi/mkl/latest/lib -L/opt/intel/oneapi/tbb/latest/lib -L/opt/intel/oneapi/ippcp/2021.1.1/lib -L/usr/local/lib     -lruby.3.1-static -framework CoreFoundation -lpthread -ldl -lobjc   "
checked program was:
/* begin */
 1: #include "ruby.h"
 2: 
 3: #include <ruby.h>
 4: 
 5: /*top*/
 6: extern int t(void);
 7: int main(int argc, char **argv)
 8: {
 9:   if (argc > 1000000) {
10:     int (* volatile tp)(void)=(int (*)(void))&t;
11:     printf("%d", (*tp)());
12:   }
13: 
14:   return !!argv[argc];
15: }
16: extern void onig_region_memsize();
17: int t(void) { onig_region_memsize(); return 0; }
/* end */

--------------------

have_func: checking for rb_reg_onig_match() in ruby.h... -------------------- no

DYLD_FALLBACK_LIBRARY_PATH=.:/Users/tfrutos/.rubies/ruby-3.1.3/lib "clang -o conftest -I/Users/tfrutos/.rubies/ruby-3.1.3/include/ruby-3.1.0/x86_64-darwin23 -I/Users/tfrutos/.rubies/ruby-3.1.3/include/ruby-3.1.0/ruby/backward -I/Users/tfrutos/.rubies/ruby-3.1.3/include/ruby-3.1.0 -I. -I/usr/local/opt/readline/include -I/usr/local/opt/libyaml/include -I/usr/local/opt/gdbm/include -D_XOPEN_SOURCE -D_DARWIN_C_SOURCE -D_DARWIN_UNLIMITED_SELECT -D_REENTRANT   -fdeclspec -O3 -fno-fast-math -ggdb3 -Wall -Wextra -Wdeprecated-declarations -Wdivision-by-zero -Wimplicit-function-declaration -Wimplicit-int -Wmisleading-indentation -Wpointer-arith -Wshorten-64-to-32 -Wwrite-strings -Wold-style-definition -Wmissing-noreturn -Wno-cast-function-type -Wno-constant-logical-operand -Wno-long-long -Wno-missing-field-initializers -Wno-overlength-strings -Wno-parentheses-equality -Wno-self-assign -Wno-tautological-compare -Wno-unused-parameter -Wno-unused-value -Wunused-variable -Wextra-tokens -Wundef  -pipe conftest.c  -L. -L/Users/tfrutos/.rubies/ruby-3.1.3/lib -L/usr/local/opt/readline/lib -L/usr/local/opt/libyaml/lib -L/usr/local/opt/gdbm/lib -L. -fstack-protector-strong -L/usr/local/opt/readline/lib -L/usr/local/opt/libyaml/lib -L/usr/local/opt/gdbm/lib -L/opt/intel/oneapi/dal/2021.1.1/lib -L/opt/intel/oneapi/ipp/2021.1.1/lib -L/opt/intel/oneapi/mkl/latest/lib -L/opt/intel/oneapi/tbb/latest/lib -L/opt/intel/oneapi/ippcp/2021.1.1/lib -L/usr/local/lib     -lruby.3.1-static -framework CoreFoundation -lpthread -ldl -lobjc   "
conftest.c:16:57: error: use of undeclared identifier 'rb_reg_onig_match'
int t(void) { void ((*volatile p)()); p = (void ((*)()))rb_reg_onig_match; return !p; }
                                                        ^
1 error generated.
checked program was:
/* begin */
 1: #include "ruby.h"
 2: 
 3: #include <ruby.h>
 4: 
 5: /*top*/
 6: extern int t(void);
 7: int main(int argc, char **argv)
 8: {
 9:   if (argc > 1000000) {
10:     int (* volatile tp)(void)=(int (*)(void))&t;
11:     printf("%d", (*tp)());
12:   }
13: 
14:   return !!argv[argc];
15: }
16: int t(void) { void ((*volatile p)()); p = (void ((*)()))rb_reg_onig_match; return !p; }
/* end */

DYLD_FALLBACK_LIBRARY_PATH=.:/Users/tfrutos/.rubies/ruby-3.1.3/lib "clang -o conftest -I/Users/tfrutos/.rubies/ruby-3.1.3/include/ruby-3.1.0/x86_64-darwin23 -I/Users/tfrutos/.rubies/ruby-3.1.3/include/ruby-3.1.0/ruby/backward -I/Users/tfrutos/.rubies/ruby-3.1.3/include/ruby-3.1.0 -I. -I/usr/local/opt/readline/include -I/usr/local/opt/libyaml/include -I/usr/local/opt/gdbm/include -D_XOPEN_SOURCE -D_DARWIN_C_SOURCE -D_DARWIN_UNLIMITED_SELECT -D_REENTRANT   -fdeclspec -O3 -fno-fast-math -ggdb3 -Wall -Wextra -Wdeprecated-declarations -Wdivision-by-zero -Wimplicit-function-declaration -Wimplicit-int -Wmisleading-indentation -Wpointer-arith -Wshorten-64-to-32 -Wwrite-strings -Wold-style-definition -Wmissing-noreturn -Wno-cast-function-type -Wno-constant-logical-operand -Wno-long-long -Wno-missing-field-initializers -Wno-overlength-strings -Wno-parentheses-equality -Wno-self-assign -Wno-tautological-compare -Wno-unused-parameter -Wno-unused-value -Wunused-variable -Wextra-tokens -Wundef  -pipe conftest.c  -L. -L/Users/tfrutos/.rubies/ruby-3.1.3/lib -L/usr/local/opt/readline/lib -L/usr/local/opt/libyaml/lib -L/usr/local/opt/gdbm/lib -L. -fstack-protector-strong -L/usr/local/opt/readline/lib -L/usr/local/opt/libyaml/lib -L/usr/local/opt/gdbm/lib -L/opt/intel/oneapi/dal/2021.1.1/lib -L/opt/intel/oneapi/ipp/2021.1.1/lib -L/opt/intel/oneapi/mkl/latest/lib -L/opt/intel/oneapi/tbb/latest/lib -L/opt/intel/oneapi/ippcp/2021.1.1/lib -L/usr/local/lib     -lruby.3.1-static -framework CoreFoundation -lpthread -ldl -lobjc   "
Undefined symbols for architecture x86_64:
  "_rb_reg_onig_match", referenced from:
      _t in conftest-00e2c5.o
ld: symbol(s) not found for architecture x86_64
clang: error: linker command failed with exit code 1 (use -v to see invocation)
checked program was:
/* begin */
 1: #include "ruby.h"
 2: 
 3: #include <ruby.h>
 4: 
 5: /*top*/
 6: extern int t(void);
 7: int main(int argc, char **argv)
 8: {
 9:   if (argc > 1000000) {
10:     int (* volatile tp)(void)=(int (*)(void))&t;
11:     printf("%d", (*tp)());
12:   }
13: 
14:   return !!argv[argc];
15: }
16: extern void rb_reg_onig_match();
17: int t(void) { rb_reg_onig_match(); return 0; }
/* end */

--------------------

